0 info it worked if it ends with ok
1 verbose cli [ 'C:\\Program Files\\nodejs\\node.exe',
1 verbose cli   'C:\\Program Files\\nodejs\\node_modules\\npm\\bin\\npm-cli.js',
1 verbose cli   'run',
1 verbose cli   'hot' ]
2 info using npm@3.10.10
3 info using node@v7.2.1
4 verbose run-script [ 'prehot', 'hot', 'posthot' ]
5 info lifecycle serverv1@1.0.0~prehot: serverv1@1.0.0
6 silly lifecycle serverv1@1.0.0~prehot: no script for prehot, continuing
7 info lifecycle serverv1@1.0.0~hot: serverv1@1.0.0
8 verbose lifecycle serverv1@1.0.0~hot: unsafe-perm in lifecycle true
9 verbose lifecycle serverv1@1.0.0~hot: PATH: C:\Program Files\nodejs\node_modules\npm\bin\node-gyp-bin;C:\Users\kalbj\Dev\Emoter\serverV1\node_modules\.bin;C:\Users\kalbj\Downloads\cmder (1)\bin;C:\Users\kalbj\Downloads\cmder (1)\vendor\conemu-maximus5\ConEmu\Scripts;C:\Users\kalbj\Downloads\cmder (1)\vendor\conemu-maximus5;C:\Users\kalbj\Downloads\cmder (1)\vendor\conemu-maximus5\ConEmu;C:\Program Files\Docker\Docker\Resources\bin;C:\ProgramData\Oracle\Java\javapath;C:\Program Files (x86)\Intel\iCLS Client\;C:\Program Files\Intel\iCLS Client\;C:\WINDOWS\system32;C:\WINDOWS;C:\WINDOWS\System32\Wbem;C:\WINDOWS\System32\WindowsPowerShell\v1.0\;C:\Program Files (x86)\Intel\Intel(R) Management Engine Components\DAL;C:\Program Files\Intel\Intel(R) Management Engine Components\DAL;C:\Program Files (x86)\Intel\Intel(R) Management Engine Components\IPT;C:\Program Files\Intel\Intel(R) Management Engine Components\IPT;C:\WINDOWS\system32\config\systemprofile\.dnx\bin;C:\Program Files\Microsoft DNX\Dnvm\;C:\Program Files\Microsoft SQL Server\130\Tools\Binn\;C:\Program Files\Git\cmd;c:\Program Files (x86)\Microsoft SQL Server\110\Tools\Binn\;c:\Program Files\Microsoft SQL Server\110\Tools\Binn\;c:\Program Files\Microsoft SQL Server\110\DTS\Binn\;C:\Program Files\Microsoft SQL Server\Client SDK\ODBC\110\Tools\Binn\;C:\Program Files (x86)\Microsoft SQL Server\120\Tools\Binn\;C:\Program Files\Microsoft SQL Server\120\Tools\Binn\;C:\Program Files\Microsoft SQL Server\120\DTS\Binn\;C:\Program Files (x86)\Microsoft SQL Server\120\Tools\Binn\ManagementStudio\;C:\Program Files (x86)\Microsoft SQL Server\120\DTS\Binn\;C:\Program Files (x86)\Heroku\bin;C:\Program Files (x86)\git\cmd;C:\Program Files (x86)\Git\cmd;C:\ProgramData\chocolatey\bin;C:\Program Files\nodejs\;C:\Python36;C:\Python36\Scripts;C:\Program Files\MySQL\MySQL Utilities 1.6\;C:\ProgramData\ComposerSetup\bin;C:\Program Files\Amazon\AWSCLI\;C:\Ruby24-x64\bin;C:\Users\kalbj\AppData\Local\Microsoft\WindowsApps;C:\Users\kalbj\AppData\Roaming\npm;C:\Program Files\Docker Toolbox;C:\xampp\php;C:\Users\kalbj\AppData\Roaming\Composer\vendor\bin;C:\Users\kalbj\AppData\Local\atom\bin;C:\Users\kalbj\AppData\Local\.meteor\;C:\Program Files\Git\usr\bin;C:\Program Files\Git\usr\share\vim\vim74;C:\Users\kalbj\Downloads\cmder (1)\
10 verbose lifecycle serverv1@1.0.0~hot: CWD: C:\Users\kalbj\Dev\Emoter\serverV1
11 silly lifecycle serverv1@1.0.0~hot: Args: [ '/d /s /c', 'nodemon server.js' ]
12 verbose stack Error: kill ENOSYS
12 verbose stack     at exports._errnoException (util.js:1022:11)
12 verbose stack     at process.kill (internal/process.js:173:13)
12 verbose stack     at process.listener (C:\Program Files\nodejs\node_modules\npm\node_modules\npmlog\node_modules\gauge\node_modules\signal-exit\index.js:86:15)
12 verbose stack     at emitNone (events.js:91:20)
12 verbose stack     at process.emit (events.js:185:7)
12 verbose stack     at processEmit (C:\Program Files\nodejs\node_modules\npm\node_modules\npmlog\node_modules\gauge\node_modules\signal-exit\index.js:146:32)
12 verbose stack     at processEmit (C:\Program Files\nodejs\node_modules\npm\node_modules\npm-registry-client\node_modules\npmlog\node_modules\gauge\node_modules\signal-exit\index.js:146:32)
12 verbose stack     at Signal.wrap.onsignal (internal/process.js:200:44)
13 verbose cwd C:\Users\kalbj\Dev\Emoter\serverV1
14 error Windows_NT 10.0.15063
15 error argv "C:\\Program Files\\nodejs\\node.exe" "C:\\Program Files\\nodejs\\node_modules\\npm\\bin\\npm-cli.js" "run" "hot"
16 error node v7.2.1
17 error npm  v3.10.10
18 error code ENOSYS
19 error errno ENOSYS
20 error syscall kill
21 error kill ENOSYS
22 error If you need help, you may report this error at:
22 error     <https://github.com/npm/npm/issues>
23 verbose exit [ 1, true ]
